
Clave: Host = crmlaumayer.com
Clave: Connection = keep-alive
Clave: Idcontact = 1fb2d3fb-a81f-76e7-8714-54d4e90a002b
Clave: Cache-Control = no-cache
Clave: Deviceid = oupihgui
Clave: Hash = asdsad
Clave: User-Agent = Mozilla/5.0 (Windows NT 6.1; WOW64) AppleWebKit/537.36 (KHTML, like Gecko) Chrome/50.0.2661.94 Safari/537.36
Clave: Postman-Token = e97bdc2e-c6fb-4065-2d9d-f3ac8710bcbf
Clave: Accept = */*
Clave: Accept-Encoding = gzip, deflate, sdch
Clave: Accept-Language = es-419,es;q=0.8,en;q=0.6,gl;q=0.4
Clave: Password = M4rk3tingLAU+*
Clave: Usuario = crm
Clave:  = 1fb2d3fb-a81f-76e7-8714-54d4e90a002b
Clave: Idcontact = 1fb2d3fb-a81f-76e7-8714-54d4e90a002b
Clave: Idaccount = 830135967-8
Clave: Deviceid = 860068030191536
Clave: Hash = a3bd787a7cb12622aad8f416e510d678
Clave: Host = crmlaumayer.com
Clave: Connection = Keep-Alive
Clave: User-Agent = Apache-HttpClient/UNAVAILABLE (java 1.4)